achartengine/build/outputs/logs/manifest-merger-debug-report.txt
-- Merging decision tree log ---
manifest
ADDED from AndroidManifest.xml:2:1
	android:allowBackup
		ADDED from AndroidManifest.xml:5:64
	xmlns:android
		ADDED from AndroidManifest.xml:2:11
	package
		ADDED from AndroidManifest.xml:3:5
		INJECTED from AndroidManifest.xml:0:0
		INJECTED from AndroidManifest.xml:0:0
	android:versionName
		ADDED from AndroidManifest.xml:5:5
		INJECTED from AndroidManifest.xml:0:0
		INJECTED from AndroidManifest.xml:0:0
	android:versionCode
		ADDED from AndroidManifest.xml:4:5
		INJECTED from AndroidManifest.xml:0:0
		INJECTED from AndroidManifest.xml:0:0
	android:installLocation
		ADDED from AndroidManifest.xml:5:33
uses-sdk
ADDED from AndroidManifest.xml:7:5
MERGED from com.android.support:appcompat-v7:22.2.1:20:5
MERGED from com.android.support:support-v4:22.2.1:20:5
	android:targetSdkVersion
		ADDED from AndroidManifest.xml:9:9
		INJECTED from AndroidManifest.xml:0:0
		INJECTED from AndroidManifest.xml:0:0
	android:minSdkVersion
		ADDED from AndroidManifest.xml:8:9
		INJECTED from AndroidManifest.xml:0:0
		INJECTED from AndroidManifest.xml:0:0
application
ADDED from AndroidManifest.xml:12:5
MERGED from com.android.support:appcompat-v7:22.2.1:22:5
MERGED from com.android.support:support-v4:22.2.1:22:5
	android:label
		ADDED from AndroidManifest.xml:14:9
	android:icon
		ADDED from AndroidManifest.xml:13:9
activity#org.achartengine.chartdemo.demo.ChartDemo
ADDED from AndroidManifest.xml:15:9
	android:label
		ADDED from AndroidManifest.xml:17:13
	android:name
		ADDED from AndroidManifest.xml:16:13
intent-filter#android.intent.action.MAIN+android.intent.category.LAUNCHER
ADDED from AndroidManifest.xml:18:13
action#android.intent.action.MAIN
ADDED from AndroidManifest.xml:19:17
	android:name
		ADDED from AndroidManifest.xml:19:25
category#android.intent.category.LAUNCHER
ADDED from AndroidManifest.xml:21:17
	android:name
		ADDED from AndroidManifest.xml:21:27
activity#org.achartengine.chartdemo.demo.chart.XYChartBuilder
ADDED from AndroidManifest.xml:24:9
	android:name
		ADDED from AndroidManifest.xml:24:19
activity#org.achartengine.chartdemo.demo.chart.PieChartBuilder
ADDED from AndroidManifest.xml:25:9
	android:name
		ADDED from AndroidManifest.xml:25:19
activity#org.achartengine.GraphicalActivity
ADDED from AndroidManifest.xml:26:9
	android:name
		ADDED from AndroidManifest.xml:26:19
activity#org.achartengine.chartdemo.demo.GeneratedChartDemo
ADDED from AndroidManifest.xml:27:9
	android:name
		ADDED from AndroidManifest.xml:27:19